00:00:12 INFO Starting relay...
00:00:12 ERROR __exit__
00:00:12 INFO Using remote
01:02:49 INFO Starting relay...
01:02:49 ERROR __exit__
01:02:49 INFO Using remote
01:07:04 INFO Starting relay...
01:07:04 ERROR __exit__
01:07:04 INFO Using remote
01:21:13 INFO Starting relay...
01:21:13 ERROR '_socketobject' object has no attribute 'server_close'
01:21:13 INFO Using remote
01:29:18 INFO Starting relay...
01:30:40 INFO Starting relay...
01:30:40 INFO Connected to Broadlink using LAN
01:30:49 INFO Got message
01:30:49 INFO ('127.0.0.1', 43792) has connected
01:30:49 INFO ('127.0.0.1', 43792) has disconnected
01:30:51 INFO Got message
01:30:51 INFO ('127.0.0.1', 43794) has connected
01:30:51 INFO i_on
01:30:51 INFO Executing command
01:33:11 INFO Starting relay...
01:33:11 INFO Connected to Broadlink using LAN
01:33:15 INFO Got message
01:33:15 INFO ('127.0.0.1', 43805) has connected
01:33:15 INFO i_off
01:33:15 INFO Executing command
