10:21:47 INFO Sending speakers_off
10:21:47 WARNING Unknown command
10:23:57 INFO Sending speakers_off
10:23:57 WARNING Unknown command
10:24:02 INFO Sending speakers_off
10:24:02 WARNING Unknown command
10:24:06 INFO Sending speakers_off
10:24:06 WARNING Unknown command
10:24:22 INFO Sending speakers_off
10:24:22 WARNING Unknown command
10:24:26 INFO Sending speakers_off
10:24:26 WARNING Unknown command
10:24:48 INFO Sending speakers_off
10:24:48 WARNING Unknown command
10:24:57 INFO Sending speakers_on
10:24:57 WARNING Unknown command
10:29:22 INFO Sending speakers_on
10:29:22 WARNING Unknown command
10:30:51 INFO Sending speakers_off
10:30:51 WARNING Unknown command
10:34:14 INFO Sending i_off
10:34:17 INFO Sending i_on
10:35:59 INFO Sending i_on
10:42:02 INFO Sending i_on
11:52:13 INFO Sending i_on
16:18:44 INFO Sending i_on
16:18:49 INFO Sending i_on
16:18:54 INFO Sending i_on
16:19:16 INFO Sending i_on
